<?xml version="1.0" encoding="UTF-8"?>
<!-- Generated by org.testng.reporters.JUnitReportReporter -->
<testsuite skipped="0" hostname="LAPTOP-KSG1UHCD" name="com.Automation.Scripts.W2A_Home" tests="1" failures="0" timestamp="2020-09-13T19:02:43 IST" time="3.852" errors="0">
  <testcase name="homePage" time="3.852" classname="com.Automation.Scripts.W2A_Home"/>
  <system-out/>
</testsuite> <!-- com.Automation.Scripts.W2A_Home -->
