<?xml version="1.0" encoding="UTF-8"?>
<!-- Generated by org.testng.reporters.JUnitReportReporter -->
<testsuite hostname="LAPTOP-KSG1UHCD" name="com.Automation.Test" tests="1" failures="0" timestamp="13 Sep 2020 07:07:29 GMT" time="0.009" errors="0">
  <testcase name="login" time="0.009" classname="com.Automation.Test"/>
</testsuite>
