<?xml version="1.0" encoding="UTF-8"?>
<!-- Generated by org.testng.reporters.JUnitReportReporter -->
<testsuite skipped="0" hostname="LAPTOP-KSG1UHCD" name="com.Automation.Sample" tests="1" failures="0" timestamp="2020-09-13T14:16:16 IST" time="0.015" errors="0">
  <testcase name="m1" time="0.015" classname="com.Automation.Sample"/>
  <system-out/>
</testsuite> <!-- com.Automation.Sample -->
